

*******************************************************************************
Mon Dec 14 00:11:07 2015


FIT:    data read from 'tornado.dat' u 1:2
        format = x:z
        #datapoints = 7
        residuals are weighted equally (unit weight)

function used for fitting: f(x)
	f(x) = (x<R) ? a*x : a*R**3/x**2
fitted parameters initialized with current variable values

iter      chisq       delta/lim  lambda   a             R            
   0 2.0271036943e+02  0.00e+00 9.77e-02  1.000000e+00  1.000000e+00
   6 2.7223217092e+01 -5.81e-06 9.77e-07  1.556000e+00  7.057122e+00

After 6 iterations the fit converged.
final sum of squares of residuals : 27.2232
rel. change during last iteration : -5.80818e-011

degrees of freedom    (FIT_NDF)                        : 5
rms of residuals      (FIT_STDFIT) = sqrt(WSSR/ndf)    : 2.33338
variance of residuals (reduced chisquare) = WSSR/ndf   : 5.44464

Final set of parameters            Asymptotic Standard Error
=======================            ==========================
a               = 1.556            +/- 0.3478       (22.35%)
R               = 7.05712          +/- 0.8445       (11.97%)

correlation matrix of the fit parameters:
                a      R      
a               1.000 
R              -0.622  1.000 


*******************************************************************************
Mon Dec 14 00:12:47 2015


FIT:    data read from 'tornado.dat' u 1:2
        format = x:z
        #datapoints = 7
        residuals are weighted equally (unit weight)

function used for fitting: f(x)
	f(x) = (x<R) ? a*x+c : a*R**3/x**2+c
fitted parameters initialized with current variable values

iter      chisq       delta/lim  lambda   a             R             c            
   0 1.9706974543e+01  0.00e+00 6.19e+00  1.556000e+00  7.057122e+00  1.000000e+00
   7 8.5594507609e-01 -1.84e-05 6.19e-07  1.227569e+00  5.254992e+00  3.217293e+00

After 7 iterations the fit converged.
final sum of squares of residuals : 0.855945
rel. change during last iteration : -1.84479e-010

degrees of freedom    (FIT_NDF)                        : 4
rms of residuals      (FIT_STDFIT) = sqrt(WSSR/ndf)    : 0.462586
variance of residuals (reduced chisquare) = WSSR/ndf   : 0.213986

Final set of parameters            Asymptotic Standard Error
=======================            ==========================
a               = 1.22757          +/- 0.1779       (14.49%)
R               = 5.25499          +/- 0.263        (5.006%)
c               = 3.21729          +/- 0.266        (8.269%)

correlation matrix of the fit parameters:
                a      R      c      
a               1.000 
R              -0.694  1.000 
c              -0.499 -0.061  1.000 


*******************************************************************************
Mon Dec 14 00:15:51 2015


FIT:    data read from 'tornado.dat' u (log($1)):(log($2))
        format = x:z
        x range restricted to [1.50000 : *]
        #datapoints = 5
        residuals are weighted equally (unit weight)

function used for fitting: g(x)
	g(x) = m*x+b
fitted parameters initialized with current variable values

iter      chisq       delta/lim  lambda   m             b            
   0 1.9784474115e+01  0.00e+00 1.87e+00  1.000000e+00  1.000000e+00
   5 3.1652394733e-03 -2.11e-08 1.87e-05 -8.417536e-01  3.590588e+00

After 5 iterations the fit converged.
final sum of squares of residuals : 0.00316524
rel. change during last iteration : -2.10864e-013

degrees of freedom    (FIT_NDF)                        : 3
rms of residuals      (FIT_STDFIT) = sqrt(WSSR/ndf)    : 0.032482
variance of residuals (reduced chisquare) = WSSR/ndf   : 0.00105508

Final set of parameters            Asymptotic Standard Error
=======================            ==========================
m               = -0.841754        +/- 0.03744      (4.448%)
b               = 3.59059          +/- 0.09156      (2.55%)

correlation matrix of the fit parameters:
                m      b      
m               1.000 
b              -0.987  1.000 


*******************************************************************************
Mon Dec 14 00:17:30 2015


FIT:    data read from 'tornado.dat' u 1:2
        format = x:z
        #datapoints = 7
        residuals are weighted equally (unit weight)

function used for fitting: f(x)
	f(x) = (x<R) ? a*x+c : a*R**2/x+c
fitted parameters initialized with current variable values

iter      chisq       delta/lim  lambda   a             R             c            
   0 1.2208985598e+01  0.00e+00 4.36e+00  1.227569e+00  5.254992e+00  3.217293e+00
   4 4.3285380624e+00 -6.53e-03 4.36e-04  1.447079e+00  4.422142e+00  2.558762e+00

After 4 iterations the fit converged.
final sum of squares of residuals : 4.32854
rel. change during last iteration : -6.53496e-008

degrees of freedom    (FIT_NDF)                        : 4
rms of residuals      (FIT_STDFIT) = sqrt(WSSR/ndf)    : 1.04026
variance of residuals (reduced chisquare) = WSSR/ndf   : 1.08213

Final set of parameters            Asymptotic Standard Error
=======================            ==========================
a               = 1.44708          +/- 0.436        (30.13%)
R               = 4.42214          +/- 0.6498       (14.69%)
c               = 2.55876          +/- 0.7929       (30.99%)

correlation matrix of the fit parameters:
                a      R      c      
a               1.000 
R              -0.513  1.000 
c              -0.606 -0.222  1.000 


*******************************************************************************
Mon Dec 14 00:18:39 2015


FIT:    data read from 'tornado.dat' u 1:2
        format = x:z
        #datapoints = 7
        residuals are weighted equally (unit weight)

function used for fitting: f(x)
	f(x) = (x<R) ? a*x+c : (a*R**2+c*R)/x
fitted parameters initialized with current variable values

iter      chisq       delta/lim  lambda   a             R             c            
   0 9.2036993088e+00  0.00e+00 3.99e+00  1.447079e+00  4.422142e+00  2.558762e+00
   4 3.8841611080e-01 -2.76e-01 3.99e-04  1.000000e+00  5.449457e+00  3.900000e+00

After 4 iterations the fit converged.
final sum of squares of residuals : 0.388416
rel. change during last iteration : -2.75515e-006

degrees of freedom    (FIT_NDF)                        : 4
rms of residuals      (FIT_STDFIT) = sqrt(WSSR/ndf)    : 0.311615
variance of residuals (reduced chisquare) = WSSR/ndf   : 0.097104

Final set of parameters            Asymptotic Standard Error
=======================            ==========================
a               = 1                +/- 0.1469       (14.69%)
R               = 5.44946          +/- 0.2456       (4.506%)
c               = 3.9              +/- 0.3116       (7.99%)

correlation matrix of the fit parameters:
                a      R      c      
a               1.000 
R              -0.870  1.000 
c              -0.707  0.381  1.000 


*******************************************************************************
Mon Dec 14 00:21:07 2015


FIT:    data read from 'tornado.dat' u 1:2
        format = x:z
        #datapoints = 7
        residuals are weighted equally (unit weight)

function used for fitting: f1(x)
	f1(x) = (x<R1) ? a1*x+c1 : (a1*R1**2+c1*R1)/x
fitted parameters initialized with current variable values

iter      chisq       delta/lim  lambda   a1            R1            c1           
   0 1.7847422840e+02  0.00e+00 3.67e-01  1.000000e+00  1.000000e+00  1.000000e+00
   6 3.8841611080e-01 -1.19e-02 3.67e-06  1.000000e+00  5.449457e+00  3.900000e+00

After 6 iterations the fit converged.
final sum of squares of residuals : 0.388416
rel. change during last iteration : -1.19449e-007

degrees of freedom    (FIT_NDF)                        : 4
rms of residuals      (FIT_STDFIT) = sqrt(WSSR/ndf)    : 0.311615
variance of residuals (reduced chisquare) = WSSR/ndf   : 0.097104

Final set of parameters            Asymptotic Standard Error
=======================            ==========================
a1              = 1                +/- 0.1469       (14.69%)
R1              = 5.44946          +/- 0.2456       (4.506%)
c1              = 3.9              +/- 0.3116       (7.99%)

correlation matrix of the fit parameters:
                a1     R1     c1     
a1              1.000 
R1             -0.870  1.000 
c1             -0.707  0.381  1.000 


*******************************************************************************
Mon Dec 14 00:21:07 2015


FIT:    data read from 'tornado.dat' u 1:3
        format = x:z
        #datapoints = 7
        residuals are weighted equally (unit weight)

function used for fitting: f2(x)
fitted parameters initialized with current variable values



*******************************************************************************
Mon Dec 14 00:21:15 2015


FIT:    data read from 'tornado.dat' u 1:2
        format = x:z
        #datapoints = 7
        residuals are weighted equally (unit weight)

function used for fitting: f1(x)
	f1(x) = (x<R1) ? a1*x+c1 : (a1*R1**2+c1*R1)/x
fitted parameters initialized with current variable values

iter      chisq       delta/lim  lambda   a1            R1            c1           
   0 3.8841611080e-01  0.00e+00 4.72e+00  1.000000e+00  5.449457e+00  3.900000e+00
   1 3.8841611080e-01 -1.56e-09 4.72e-01  1.000000e+00  5.449457e+00  3.900000e+00

After 1 iterations the fit converged.
final sum of squares of residuals : 0.388416
rel. change during last iteration : -1.55779e-014

degrees of freedom    (FIT_NDF)                        : 4
rms of residuals      (FIT_STDFIT) = sqrt(WSSR/ndf)    : 0.311615
variance of residuals (reduced chisquare) = WSSR/ndf   : 0.097104

Final set of parameters            Asymptotic Standard Error
=======================            ==========================
a1              = 1                +/- 0.1469       (14.69%)
R1              = 5.44946          +/- 0.2456       (4.506%)
c1              = 3.9              +/- 0.3116       (7.99%)

correlation matrix of the fit parameters:
                a1     R1     c1     
a1              1.000 
R1             -0.870  1.000 
c1             -0.707  0.381  1.000 


*******************************************************************************
Mon Dec 14 00:21:16 2015


FIT:    data read from 'tornado.dat' u 1:3
        format = x:z
        #datapoints = 7
        residuals are weighted equally (unit weight)

function used for fitting: f2(x)
	f2(x) = (x<R2) ? a2*x+c2 : (a2*R2**2+c2*R2)/x
fitted parameters initialized with current variable values

iter      chisq       delta/lim  lambda   a2            R2            c2           
   0 2.3967437284e+02  0.00e+00 3.67e-01  1.000000e+00  1.000000e+00  1.000000e+00
   6 5.4631215941e+00 -3.87e-04 3.67e-06  1.340000e+00  5.654345e+00  3.140000e+00

After 6 iterations the fit converged.
final sum of squares of residuals : 5.46312
rel. change during last iteration : -3.86672e-009

degrees of freedom    (FIT_NDF)                        : 4
rms of residuals      (FIT_STDFIT) = sqrt(WSSR/ndf)    : 1.16867
variance of residuals (reduced chisquare) = WSSR/ndf   : 1.36578

Final set of parameters            Asymptotic Standard Error
=======================            ==========================
a2              = 1.34             +/- 0.5509       (41.11%)
R2              = 5.65434          +/- 0.7999       (14.15%)
c2              = 3.14             +/- 1.169        (37.22%)

correlation matrix of the fit parameters:
                a2     R2     c2     
a2              1.000 
R2             -0.884  1.000 
c2             -0.707  0.399  1.000 


*******************************************************************************
Mon Dec 14 00:22:10 2015


FIT:    data read from 'tornado.dat' u (log($1)):(log($3))
        format = x:z
        #datapoints = 6
        residuals are weighted equally (unit weight)

function used for fitting: g(x)
	g(x) = m*x+b
fitted parameters initialized with current variable values

iter      chisq       delta/lim  lambda   m             b            
   0 7.5338265704e-01  0.00e+00 2.88e+00 -8.417536e-01  3.590588e+00
   4 2.2145667720e-01 -3.12e-04 2.88e-04 -3.586574e-01  2.587185e+00

After 4 iterations the fit converged.
final sum of squares of residuals : 0.221457
rel. change during last iteration : -3.12406e-009

degrees of freedom    (FIT_NDF)                        : 4
rms of residuals      (FIT_STDFIT) = sqrt(WSSR/ndf)    : 0.235296
variance of residuals (reduced chisquare) = WSSR/ndf   : 0.0553642

Final set of parameters            Asymptotic Standard Error
=======================            ==========================
m               = -0.358657        +/- 0.1588       (44.28%)
b               = 2.58718          +/- 0.3616       (13.98%)

correlation matrix of the fit parameters:
                m      b      
m               1.000 
b              -0.964  1.000 


*******************************************************************************
Mon Dec 14 12:41:38 2015


FIT:    data read from 'tornado.dat' u 1:2
        format = x:z
        #datapoints = 7
        residuals are weighted equally (unit weight)

function used for fitting: f1(x)
fitted parameters initialized with current variable values



 Iteration 0
 WSSR        : 178.474           delta(WSSR)/WSSR   : 0
 delta(WSSR) : 0                 limit for stopping : 1e-05
 lambda	  : 0.366697

initial set of free parameter values

a1              = 1
R1              = 1
c1              = 1

After 6 iterations the fit converged.
final sum of squares of residuals : 0.388416
rel. change during last iteration : -1.19449e-07

degrees of freedom    (FIT_NDF)                        : 4
rms of residuals      (FIT_STDFIT) = sqrt(WSSR/ndf)    : 0.311615
variance of residuals (reduced chisquare) = WSSR/ndf   : 0.097104

Final set of parameters            Asymptotic Standard Error
=======================            ==========================

a1              = 1                +/- 0.1469       (14.69%)
R1              = 5.44946          +/- 0.2456       (4.506%)
c1              = 3.9              +/- 0.3116       (7.99%)


correlation matrix of the fit parameters:

               a1     R1     c1     
a1              1.000 
R1             -0.870  1.000 
c1             -0.707  0.381  1.000 


*******************************************************************************
Mon Dec 14 12:41:38 2015


FIT:    data read from 'tornado.dat' u 1:3
        format = x:z
        #datapoints = 7
        residuals are weighted equally (unit weight)

function used for fitting: f2(x)
fitted parameters initialized with current variable values



 Iteration 0
 WSSR        : 239.674           delta(WSSR)/WSSR   : 0
 delta(WSSR) : 0                 limit for stopping : 1e-05
 lambda	  : 0.366697

initial set of free parameter values

a2              = 1
R2              = 1
c2              = 1

After 6 iterations the fit converged.
final sum of squares of residuals : 5.46312
rel. change during last iteration : -3.86672e-09

degrees of freedom    (FIT_NDF)                        : 4
rms of residuals      (FIT_STDFIT) = sqrt(WSSR/ndf)    : 1.16867
variance of residuals (reduced chisquare) = WSSR/ndf   : 1.36578

Final set of parameters            Asymptotic Standard Error
=======================            ==========================

a2              = 1.34             +/- 0.5509       (41.11%)
R2              = 5.65434          +/- 0.7999       (14.15%)
c2              = 3.14             +/- 1.169        (37.22%)


correlation matrix of the fit parameters:

               a2     R2     c2     
a2              1.000 
R2             -0.884  1.000 
c2             -0.707  0.399  1.000 


*******************************************************************************
Mon Dec 14 12:41:38 2015


FIT:    data read from 'tornado.dat' u 1:3
        format = x:z
        #datapoints = 7
        residuals are weighted equally (unit weight)

function used for fitting: g2(x)
fitted parameters initialized with current variable values

BREAK:          Undefined value during function evaluation



*******************************************************************************
Mon Dec 14 12:43:35 2015


FIT:    data read from 'tornado.dat' u 1:2
        format = x:z
        #datapoints = 7
        residuals are weighted equally (unit weight)

function used for fitting: f1(x)
fitted parameters initialized with current variable values



 Iteration 0
 WSSR        : 178.474           delta(WSSR)/WSSR   : 0
 delta(WSSR) : 0                 limit for stopping : 1e-05
 lambda	  : 0.366697

initial set of free parameter values

a1              = 1
R1              = 1
c1              = 1

After 6 iterations the fit converged.
final sum of squares of residuals : 0.388416
rel. change during last iteration : -1.19449e-07

degrees of freedom    (FIT_NDF)                        : 4
rms of residuals      (FIT_STDFIT) = sqrt(WSSR/ndf)    : 0.311615
variance of residuals (reduced chisquare) = WSSR/ndf   : 0.097104

Final set of parameters            Asymptotic Standard Error
=======================            ==========================

a1              = 1                +/- 0.1469       (14.69%)
R1              = 5.44946          +/- 0.2456       (4.506%)
c1              = 3.9              +/- 0.3116       (7.99%)


correlation matrix of the fit parameters:

               a1     R1     c1     
a1              1.000 
R1             -0.870  1.000 
c1             -0.707  0.381  1.000 


*******************************************************************************
Mon Dec 14 12:43:35 2015


FIT:    data read from 'tornado.dat' u 1:3
        format = x:z
        #datapoints = 7
        residuals are weighted equally (unit weight)

function used for fitting: f2(x)
fitted parameters initialized with current variable values



 Iteration 0
 WSSR        : 239.674           delta(WSSR)/WSSR   : 0
 delta(WSSR) : 0                 limit for stopping : 1e-05
 lambda	  : 0.366697

initial set of free parameter values

a2              = 1
R2              = 1
c2              = 1

After 6 iterations the fit converged.
final sum of squares of residuals : 5.46312
rel. change during last iteration : -3.86672e-09

degrees of freedom    (FIT_NDF)                        : 4
rms of residuals      (FIT_STDFIT) = sqrt(WSSR/ndf)    : 1.16867
variance of residuals (reduced chisquare) = WSSR/ndf   : 1.36578

Final set of parameters            Asymptotic Standard Error
=======================            ==========================

a2              = 1.34             +/- 0.5509       (41.11%)
R2              = 5.65434          +/- 0.7999       (14.15%)
c2              = 3.14             +/- 1.169        (37.22%)


correlation matrix of the fit parameters:

               a2     R2     c2     
a2              1.000 
R2             -0.884  1.000 
c2             -0.707  0.399  1.000 


*******************************************************************************
Mon Dec 14 12:43:35 2015


FIT:    data read from 'tornado.dat' u 1:3
        format = x:z
        #datapoints = 7
        residuals are weighted equally (unit weight)

function used for fitting: g2(x)
fitted parameters initialized with current variable values



 Iteration 0
 WSSR        : 254.13            delta(WSSR)/WSSR   : 0
 delta(WSSR) : 0                 limit for stopping : 1e-05
 lambda	  : 0.176662

initial set of free parameter values

b2              = 1
d2              = 1
e2              = 1
BREAK:          Undefined value during function evaluation



*******************************************************************************
Mon Dec 14 12:44:25 2015


FIT:    data read from 'tornado.dat' u 1:2
        format = x:z
        #datapoints = 7
        residuals are weighted equally (unit weight)

function used for fitting: f1(x)
fitted parameters initialized with current variable values



 Iteration 0
 WSSR        : 178.474           delta(WSSR)/WSSR   : 0
 delta(WSSR) : 0                 limit for stopping : 1e-05
 lambda	  : 0.366697

initial set of free parameter values

a1              = 1
R1              = 1
c1              = 1

After 6 iterations the fit converged.
final sum of squares of residuals : 0.388416
rel. change during last iteration : -1.19449e-07

degrees of freedom    (FIT_NDF)                        : 4
rms of residuals      (FIT_STDFIT) = sqrt(WSSR/ndf)    : 0.311615
variance of residuals (reduced chisquare) = WSSR/ndf   : 0.097104

Final set of parameters            Asymptotic Standard Error
=======================            ==========================

a1              = 1                +/- 0.1469       (14.69%)
R1              = 5.44946          +/- 0.2456       (4.506%)
c1              = 3.9              +/- 0.3116       (7.99%)


correlation matrix of the fit parameters:

               a1     R1     c1     
a1              1.000 
R1             -0.870  1.000 
c1             -0.707  0.381  1.000 


*******************************************************************************
Mon Dec 14 12:44:25 2015


FIT:    data read from 'tornado.dat' u 1:3
        format = x:z
        #datapoints = 7
        residuals are weighted equally (unit weight)

function used for fitting: f2(x)
fitted parameters initialized with current variable values



 Iteration 0
 WSSR        : 239.674           delta(WSSR)/WSSR   : 0
 delta(WSSR) : 0                 limit for stopping : 1e-05
 lambda	  : 0.366697

initial set of free parameter values

a2              = 1
R2              = 1
c2              = 1

After 6 iterations the fit converged.
final sum of squares of residuals : 5.46312
rel. change during last iteration : -3.86672e-09

degrees of freedom    (FIT_NDF)                        : 4
rms of residuals      (FIT_STDFIT) = sqrt(WSSR/ndf)    : 1.16867
variance of residuals (reduced chisquare) = WSSR/ndf   : 1.36578

Final set of parameters            Asymptotic Standard Error
=======================            ==========================

a2              = 1.34             +/- 0.5509       (41.11%)
R2              = 5.65434          +/- 0.7999       (14.15%)
c2              = 3.14             +/- 1.169        (37.22%)


correlation matrix of the fit parameters:

               a2     R2     c2     
a2              1.000 
R2             -0.884  1.000 
c2             -0.707  0.399  1.000 


*******************************************************************************
Mon Dec 14 12:44:25 2015


FIT:    data read from 'tornado.dat' u 1:3
        format = x:z
        #datapoints = 7
        residuals are weighted equally (unit weight)

function used for fitting: g2(x)
fitted parameters initialized with current variable values



 Iteration 0
 WSSR        : 255.848           delta(WSSR)/WSSR   : 0
 delta(WSSR) : 0                 limit for stopping : 1e-05
 lambda	  : 0.108786

initial set of free parameter values

b2              = 1
d2              = 1
BREAK:          Undefined value during function evaluation



*******************************************************************************
Mon Dec 14 12:45:13 2015


FIT:    data read from 'tornado.dat' u 1:2
        format = x:z
        #datapoints = 7
        residuals are weighted equally (unit weight)

function used for fitting: f1(x)
fitted parameters initialized with current variable values



 Iteration 0
 WSSR        : 178.474           delta(WSSR)/WSSR   : 0
 delta(WSSR) : 0                 limit for stopping : 1e-05
 lambda	  : 0.366697

initial set of free parameter values

a1              = 1
R1              = 1
c1              = 1

After 6 iterations the fit converged.
final sum of squares of residuals : 0.388416
rel. change during last iteration : -1.19449e-07

degrees of freedom    (FIT_NDF)                        : 4
rms of residuals      (FIT_STDFIT) = sqrt(WSSR/ndf)    : 0.311615
variance of residuals (reduced chisquare) = WSSR/ndf   : 0.097104

Final set of parameters            Asymptotic Standard Error
=======================            ==========================

a1              = 1                +/- 0.1469       (14.69%)
R1              = 5.44946          +/- 0.2456       (4.506%)
c1              = 3.9              +/- 0.3116       (7.99%)


correlation matrix of the fit parameters:

               a1     R1     c1     
a1              1.000 
R1             -0.870  1.000 
c1             -0.707  0.381  1.000 


*******************************************************************************
Mon Dec 14 12:45:13 2015


FIT:    data read from 'tornado.dat' u 1:3
        format = x:z
        #datapoints = 7
        residuals are weighted equally (unit weight)

function used for fitting: f2(x)
fitted parameters initialized with current variable values



 Iteration 0
 WSSR        : 239.674           delta(WSSR)/WSSR   : 0
 delta(WSSR) : 0                 limit for stopping : 1e-05
 lambda	  : 0.366697

initial set of free parameter values

a2              = 1
R2              = 1
c2              = 1

After 6 iterations the fit converged.
final sum of squares of residuals : 5.46312
rel. change during last iteration : -3.86672e-09

degrees of freedom    (FIT_NDF)                        : 4
rms of residuals      (FIT_STDFIT) = sqrt(WSSR/ndf)    : 1.16867
variance of residuals (reduced chisquare) = WSSR/ndf   : 1.36578

Final set of parameters            Asymptotic Standard Error
=======================            ==========================

a2              = 1.34             +/- 0.5509       (41.11%)
R2              = 5.65434          +/- 0.7999       (14.15%)
c2              = 3.14             +/- 1.169        (37.22%)


correlation matrix of the fit parameters:

               a2     R2     c2     
a2              1.000 
R2             -0.884  1.000 
c2             -0.707  0.399  1.000 


*******************************************************************************
Mon Dec 14 12:45:13 2015


FIT:    data read from 'tornado.dat' u 1:3
        format = x:z
        #datapoints = 7
        residuals are weighted equally (unit weight)

function used for fitting: g2(x)
fitted parameters initialized with current variable values



 Iteration 0
 WSSR        : 255.096           delta(WSSR)/WSSR   : 0
 delta(WSSR) : 0                 limit for stopping : 1e-05
 lambda	  : 0.126746

initial set of free parameter values

b2              = 1
d2              = 1
BREAK:          Undefined value during function evaluation



*******************************************************************************
Mon Dec 14 12:48:08 2015


FIT:    data read from 'tornado.dat' u 1:2
        format = x:z
        #datapoints = 7
        residuals are weighted equally (unit weight)

function used for fitting: f1(x)
fitted parameters initialized with current variable values



 Iteration 0
 WSSR        : 178.474           delta(WSSR)/WSSR   : 0
 delta(WSSR) : 0                 limit for stopping : 1e-05
 lambda	  : 0.366697

initial set of free parameter values

a1              = 1
R1              = 1
c1              = 1

After 6 iterations the fit converged.
final sum of squares of residuals : 0.388416
rel. change during last iteration : -1.19449e-07

degrees of freedom    (FIT_NDF)                        : 4
rms of residuals      (FIT_STDFIT) = sqrt(WSSR/ndf)    : 0.311615
variance of residuals (reduced chisquare) = WSSR/ndf   : 0.097104

Final set of parameters            Asymptotic Standard Error
=======================            ==========================

a1              = 1                +/- 0.1469       (14.69%)
R1              = 5.44946          +/- 0.2456       (4.506%)
c1              = 3.9              +/- 0.3116       (7.99%)


correlation matrix of the fit parameters:

               a1     R1     c1     
a1              1.000 
R1             -0.870  1.000 
c1             -0.707  0.381  1.000 


*******************************************************************************
Mon Dec 14 12:48:08 2015


FIT:    data read from 'tornado.dat' u 1:3
        format = x:z
        #datapoints = 7
        residuals are weighted equally (unit weight)

function used for fitting: f2(x)
fitted parameters initialized with current variable values



 Iteration 0
 WSSR        : 239.674           delta(WSSR)/WSSR   : 0
 delta(WSSR) : 0                 limit for stopping : 1e-05
 lambda	  : 0.366697

initial set of free parameter values

a2              = 1
R2              = 1
c2              = 1

After 6 iterations the fit converged.
final sum of squares of residuals : 5.46312
rel. change during last iteration : -3.86672e-09

degrees of freedom    (FIT_NDF)                        : 4
rms of residuals      (FIT_STDFIT) = sqrt(WSSR/ndf)    : 1.16867
variance of residuals (reduced chisquare) = WSSR/ndf   : 1.36578

Final set of parameters            Asymptotic Standard Error
=======================            ==========================

a2              = 1.34             +/- 0.5509       (41.11%)
R2              = 5.65434          +/- 0.7999       (14.15%)
c2              = 3.14             +/- 1.169        (37.22%)


correlation matrix of the fit parameters:

               a2     R2     c2     
a2              1.000 
R2             -0.884  1.000 
c2             -0.707  0.399  1.000 


*******************************************************************************
Mon Dec 14 12:48:45 2015


FIT:    data read from 'tornado.dat' u 1:2
        format = x:z
        #datapoints = 7
        residuals are weighted equally (unit weight)

function used for fitting: f1(x)
fitted parameters initialized with current variable values



 Iteration 0
 WSSR        : 178.474           delta(WSSR)/WSSR   : 0
 delta(WSSR) : 0                 limit for stopping : 1e-05
 lambda	  : 0.366697

initial set of free parameter values

a1              = 1
R1              = 1
c1              = 1

After 6 iterations the fit converged.
final sum of squares of residuals : 0.388416
rel. change during last iteration : -1.19449e-07

degrees of freedom    (FIT_NDF)                        : 4
rms of residuals      (FIT_STDFIT) = sqrt(WSSR/ndf)    : 0.311615
variance of residuals (reduced chisquare) = WSSR/ndf   : 0.097104

Final set of parameters            Asymptotic Standard Error
=======================            ==========================

a1              = 1                +/- 0.1469       (14.69%)
R1              = 5.44946          +/- 0.2456       (4.506%)
c1              = 3.9              +/- 0.3116       (7.99%)


correlation matrix of the fit parameters:

               a1     R1     c1     
a1              1.000 
R1             -0.870  1.000 
c1             -0.707  0.381  1.000 


*******************************************************************************
Mon Dec 14 12:48:45 2015


FIT:    data read from 'tornado.dat' u 1:3
        format = x:z
        #datapoints = 7
        residuals are weighted equally (unit weight)

function used for fitting: f2(x)
fitted parameters initialized with current variable values



 Iteration 0
 WSSR        : 239.674           delta(WSSR)/WSSR   : 0
 delta(WSSR) : 0                 limit for stopping : 1e-05
 lambda	  : 0.366697

initial set of free parameter values

a2              = 1
R2              = 1
c2              = 1

After 6 iterations the fit converged.
final sum of squares of residuals : 5.46312
rel. change during last iteration : -3.86672e-09

degrees of freedom    (FIT_NDF)                        : 4
rms of residuals      (FIT_STDFIT) = sqrt(WSSR/ndf)    : 1.16867
variance of residuals (reduced chisquare) = WSSR/ndf   : 1.36578

Final set of parameters            Asymptotic Standard Error
=======================            ==========================

a2              = 1.34             +/- 0.5509       (41.11%)
R2              = 5.65434          +/- 0.7999       (14.15%)
c2              = 3.14             +/- 1.169        (37.22%)


correlation matrix of the fit parameters:

               a2     R2     c2     
a2              1.000 
R2             -0.884  1.000 
c2             -0.707  0.399  1.000 


*******************************************************************************
Mon Dec 14 12:48:58 2015


FIT:    data read from 'tornado.dat' u 1:2
        format = x:z
        #datapoints = 7
        residuals are weighted equally (unit weight)

function used for fitting: f1(x)
fitted parameters initialized with current variable values



 Iteration 0
 WSSR        : 178.474           delta(WSSR)/WSSR   : 0
 delta(WSSR) : 0                 limit for stopping : 1e-05
 lambda	  : 0.366697

initial set of free parameter values

a1              = 1
R1              = 1
c1              = 1

After 6 iterations the fit converged.
final sum of squares of residuals : 0.388416
rel. change during last iteration : -1.19449e-07

degrees of freedom    (FIT_NDF)                        : 4
rms of residuals      (FIT_STDFIT) = sqrt(WSSR/ndf)    : 0.311615
variance of residuals (reduced chisquare) = WSSR/ndf   : 0.097104

Final set of parameters            Asymptotic Standard Error
=======================            ==========================

a1              = 1                +/- 0.1469       (14.69%)
R1              = 5.44946          +/- 0.2456       (4.506%)
c1              = 3.9              +/- 0.3116       (7.99%)


correlation matrix of the fit parameters:

               a1     R1     c1     
a1              1.000 
R1             -0.870  1.000 
c1             -0.707  0.381  1.000 


*******************************************************************************
Mon Dec 14 12:48:58 2015


FIT:    data read from 'tornado.dat' u 1:3
        format = x:z
        #datapoints = 7
        residuals are weighted equally (unit weight)

function used for fitting: f2(x)
fitted parameters initialized with current variable values



 Iteration 0
 WSSR        : 239.674           delta(WSSR)/WSSR   : 0
 delta(WSSR) : 0                 limit for stopping : 1e-05
 lambda	  : 0.366697

initial set of free parameter values

a2              = 1
R2              = 1
c2              = 1

After 6 iterations the fit converged.
final sum of squares of residuals : 5.46312
rel. change during last iteration : -3.86672e-09

degrees of freedom    (FIT_NDF)                        : 4
rms of residuals      (FIT_STDFIT) = sqrt(WSSR/ndf)    : 1.16867
variance of residuals (reduced chisquare) = WSSR/ndf   : 1.36578

Final set of parameters            Asymptotic Standard Error
=======================            ==========================

a2              = 1.34             +/- 0.5509       (41.11%)
R2              = 5.65434          +/- 0.7999       (14.15%)
c2              = 3.14             +/- 1.169        (37.22%)


correlation matrix of the fit parameters:

               a2     R2     c2     
a2              1.000 
R2             -0.884  1.000 
c2             -0.707  0.399  1.000 


*******************************************************************************
Mon Dec 14 12:49:56 2015


FIT:    data read from 'tornado.dat' u 1:2
        format = x:z
        #datapoints = 7
        residuals are weighted equally (unit weight)

function used for fitting: f1(x)
fitted parameters initialized with current variable values



 Iteration 0
 WSSR        : 178.474           delta(WSSR)/WSSR   : 0
 delta(WSSR) : 0                 limit for stopping : 1e-05
 lambda	  : 0.366697

initial set of free parameter values

a1              = 1
R1              = 1
c1              = 1

After 6 iterations the fit converged.
final sum of squares of residuals : 0.388416
rel. change during last iteration : -1.19449e-07

degrees of freedom    (FIT_NDF)                        : 4
rms of residuals      (FIT_STDFIT) = sqrt(WSSR/ndf)    : 0.311615
variance of residuals (reduced chisquare) = WSSR/ndf   : 0.097104

Final set of parameters            Asymptotic Standard Error
=======================            ==========================

a1              = 1                +/- 0.1469       (14.69%)
R1              = 5.44946          +/- 0.2456       (4.506%)
c1              = 3.9              +/- 0.3116       (7.99%)


correlation matrix of the fit parameters:

               a1     R1     c1     
a1              1.000 
R1             -0.870  1.000 
c1             -0.707  0.381  1.000 


*******************************************************************************
Mon Dec 14 12:49:56 2015


FIT:    data read from 'tornado.dat' u 1:3
        format = x:z
        #datapoints = 7
        residuals are weighted equally (unit weight)

function used for fitting: f2(x)
fitted parameters initialized with current variable values



 Iteration 0
 WSSR        : 239.674           delta(WSSR)/WSSR   : 0
 delta(WSSR) : 0                 limit for stopping : 1e-05
 lambda	  : 0.366697

initial set of free parameter values

a2              = 1
R2              = 1
c2              = 1

After 6 iterations the fit converged.
final sum of squares of residuals : 5.46312
rel. change during last iteration : -3.86672e-09

degrees of freedom    (FIT_NDF)                        : 4
rms of residuals      (FIT_STDFIT) = sqrt(WSSR/ndf)    : 1.16867
variance of residuals (reduced chisquare) = WSSR/ndf   : 1.36578

Final set of parameters            Asymptotic Standard Error
=======================            ==========================

a2              = 1.34             +/- 0.5509       (41.11%)
R2              = 5.65434          +/- 0.7999       (14.15%)
c2              = 3.14             +/- 1.169        (37.22%)


correlation matrix of the fit parameters:

               a2     R2     c2     
a2              1.000 
R2             -0.884  1.000 
c2             -0.707  0.399  1.000 


*******************************************************************************
Mon Dec 14 12:50:43 2015


FIT:    data read from 'tornado.dat' u 1:2
        format = x:z
        #datapoints = 7
        residuals are weighted equally (unit weight)

function used for fitting: f1(x)
fitted parameters initialized with current variable values



 Iteration 0
 WSSR        : 178.474           delta(WSSR)/WSSR   : 0
 delta(WSSR) : 0                 limit for stopping : 1e-05
 lambda	  : 0.366697

initial set of free parameter values

a1              = 1
R1              = 1
c1              = 1

After 6 iterations the fit converged.
final sum of squares of residuals : 0.388416
rel. change during last iteration : -1.19449e-07

degrees of freedom    (FIT_NDF)                        : 4
rms of residuals      (FIT_STDFIT) = sqrt(WSSR/ndf)    : 0.311615
variance of residuals (reduced chisquare) = WSSR/ndf   : 0.097104

Final set of parameters            Asymptotic Standard Error
=======================            ==========================

a1              = 1                +/- 0.1469       (14.69%)
R1              = 5.44946          +/- 0.2456       (4.506%)
c1              = 3.9              +/- 0.3116       (7.99%)


correlation matrix of the fit parameters:

               a1     R1     c1     
a1              1.000 
R1             -0.870  1.000 
c1             -0.707  0.381  1.000 


*******************************************************************************
Mon Dec 14 12:50:43 2015


FIT:    data read from 'tornado.dat' u 1:3
        format = x:z
        #datapoints = 7
        residuals are weighted equally (unit weight)

function used for fitting: f2(x)
fitted parameters initialized with current variable values



 Iteration 0
 WSSR        : 239.674           delta(WSSR)/WSSR   : 0
 delta(WSSR) : 0                 limit for stopping : 1e-05
 lambda	  : 0.366697

initial set of free parameter values

a2              = 1
R2              = 1
c2              = 1

After 6 iterations the fit converged.
final sum of squares of residuals : 5.46312
rel. change during last iteration : -3.86672e-09

degrees of freedom    (FIT_NDF)                        : 4
rms of residuals      (FIT_STDFIT) = sqrt(WSSR/ndf)    : 1.16867
variance of residuals (reduced chisquare) = WSSR/ndf   : 1.36578

Final set of parameters            Asymptotic Standard Error
=======================            ==========================

a2              = 1.34             +/- 0.5509       (41.11%)
R2              = 5.65434          +/- 0.7999       (14.15%)
c2              = 3.14             +/- 1.169        (37.22%)


correlation matrix of the fit parameters:

               a2     R2     c2     
a2              1.000 
R2             -0.884  1.000 
c2             -0.707  0.399  1.000 


*******************************************************************************
Mon Dec 14 12:51:21 2015


FIT:    data read from 'tornado.dat' u 1:2
        format = x:z
        #datapoints = 7
        residuals are weighted equally (unit weight)

function used for fitting: f1(x)
fitted parameters initialized with current variable values



 Iteration 0
 WSSR        : 178.474           delta(WSSR)/WSSR   : 0
 delta(WSSR) : 0                 limit for stopping : 1e-05
 lambda	  : 0.366697

initial set of free parameter values

a1              = 1
R1              = 1
c1              = 1

After 6 iterations the fit converged.
final sum of squares of residuals : 0.388416
rel. change during last iteration : -1.19449e-07

degrees of freedom    (FIT_NDF)                        : 4
rms of residuals      (FIT_STDFIT) = sqrt(WSSR/ndf)    : 0.311615
variance of residuals (reduced chisquare) = WSSR/ndf   : 0.097104

Final set of parameters            Asymptotic Standard Error
=======================            ==========================

a1              = 1                +/- 0.1469       (14.69%)
R1              = 5.44946          +/- 0.2456       (4.506%)
c1              = 3.9              +/- 0.3116       (7.99%)


correlation matrix of the fit parameters:

               a1     R1     c1     
a1              1.000 
R1             -0.870  1.000 
c1             -0.707  0.381  1.000 


*******************************************************************************
Mon Dec 14 12:51:21 2015


FIT:    data read from 'tornado.dat' u 1:3
        format = x:z
        #datapoints = 7
        residuals are weighted equally (unit weight)

function used for fitting: f2(x)
fitted parameters initialized with current variable values



 Iteration 0
 WSSR        : 239.674           delta(WSSR)/WSSR   : 0
 delta(WSSR) : 0                 limit for stopping : 1e-05
 lambda	  : 0.366697

initial set of free parameter values

a2              = 1
R2              = 1
c2              = 1

After 6 iterations the fit converged.
final sum of squares of residuals : 5.46312
rel. change during last iteration : -3.86672e-09

degrees of freedom    (FIT_NDF)                        : 4
rms of residuals      (FIT_STDFIT) = sqrt(WSSR/ndf)    : 1.16867
variance of residuals (reduced chisquare) = WSSR/ndf   : 1.36578

Final set of parameters            Asymptotic Standard Error
=======================            ==========================

a2              = 1.34             +/- 0.5509       (41.11%)
R2              = 5.65434          +/- 0.7999       (14.15%)
c2              = 3.14             +/- 1.169        (37.22%)


correlation matrix of the fit parameters:

               a2     R2     c2     
a2              1.000 
R2             -0.884  1.000 
c2             -0.707  0.399  1.000 


*******************************************************************************
Mon Dec 14 12:52:15 2015


FIT:    data read from 'tornado.dat' u 1:2
        format = x:z
        #datapoints = 7
        residuals are weighted equally (unit weight)

function used for fitting: f1(x)
fitted parameters initialized with current variable values



 Iteration 0
 WSSR        : 178.474           delta(WSSR)/WSSR   : 0
 delta(WSSR) : 0                 limit for stopping : 1e-05
 lambda	  : 0.366697

initial set of free parameter values

a1              = 1
R1              = 1
c1              = 1

After 6 iterations the fit converged.
final sum of squares of residuals : 0.388416
rel. change during last iteration : -1.19449e-07

degrees of freedom    (FIT_NDF)                        : 4
rms of residuals      (FIT_STDFIT) = sqrt(WSSR/ndf)    : 0.311615
variance of residuals (reduced chisquare) = WSSR/ndf   : 0.097104

Final set of parameters            Asymptotic Standard Error
=======================            ==========================

a1              = 1                +/- 0.1469       (14.69%)
R1              = 5.44946          +/- 0.2456       (4.506%)
c1              = 3.9              +/- 0.3116       (7.99%)


correlation matrix of the fit parameters:

               a1     R1     c1     
a1              1.000 
R1             -0.870  1.000 
c1             -0.707  0.381  1.000 


*******************************************************************************
Mon Dec 14 12:52:15 2015


FIT:    data read from 'tornado.dat' u 1:3
        format = x:z
        #datapoints = 7
        residuals are weighted equally (unit weight)

function used for fitting: f2(x)
fitted parameters initialized with current variable values



 Iteration 0
 WSSR        : 239.674           delta(WSSR)/WSSR   : 0
 delta(WSSR) : 0                 limit for stopping : 1e-05
 lambda	  : 0.366697

initial set of free parameter values

a2              = 1
R2              = 1
c2              = 1

After 6 iterations the fit converged.
final sum of squares of residuals : 5.46312
rel. change during last iteration : -3.86672e-09

degrees of freedom    (FIT_NDF)                        : 4
rms of residuals      (FIT_STDFIT) = sqrt(WSSR/ndf)    : 1.16867
variance of residuals (reduced chisquare) = WSSR/ndf   : 1.36578

Final set of parameters            Asymptotic Standard Error
=======================            ==========================

a2              = 1.34             +/- 0.5509       (41.11%)
R2              = 5.65434          +/- 0.7999       (14.15%)
c2              = 3.14             +/- 1.169        (37.22%)


correlation matrix of the fit parameters:

               a2     R2     c2     
a2              1.000 
R2             -0.884  1.000 
c2             -0.707  0.399  1.000 


*******************************************************************************
Mon Dec 14 12:52:15 2015


FIT:    data read from 'tornado.dat' u 1:3
        format = x:z
        #datapoints = 7
        residuals are weighted equally (unit weight)

function used for fitting: g2(x)
fitted parameters initialized with current variable values



 Iteration 0
 WSSR        : 13.61             delta(WSSR)/WSSR   : 0
 delta(WSSR) : 0                 limit for stopping : 1e-05
 lambda	  : 33.1851

initial set of free parameter values

b2              = 60
d2              = 0.04
e2              = 0.2

After 8 iterations the fit converged.
final sum of squares of residuals : 1.6628
rel. change during last iteration : -2.54923e-06

degrees of freedom    (FIT_NDF)                        : 4
rms of residuals      (FIT_STDFIT) = sqrt(WSSR/ndf)    : 0.644749
variance of residuals (reduced chisquare) = WSSR/ndf   : 0.415701

Final set of parameters            Asymptotic Standard Error
=======================            ==========================

b2              = 79.8632          +/- 6.2          (7.763%)
d2              = 0.0276828        +/- 0.00565      (20.41%)
e2              = 1.37071          +/- 0.4232       (30.87%)


correlation matrix of the fit parameters:

               b2     d2     e2     
b2              1.000 
d2             -0.859  1.000 
e2              0.626 -0.760  1.000 


*******************************************************************************
Mon Dec 14 12:54:43 2015


FIT:    data read from 'tornado.dat' u 1:2
        format = x:z
        #datapoints = 7
        residuals are weighted equally (unit weight)

function used for fitting: f1(x)
fitted parameters initialized with current variable values



 Iteration 0
 WSSR        : 178.474           delta(WSSR)/WSSR   : 0
 delta(WSSR) : 0                 limit for stopping : 1e-05
 lambda	  : 0.366697

initial set of free parameter values

a1              = 1
R1              = 1
c1              = 1

After 6 iterations the fit converged.
final sum of squares of residuals : 0.388416
rel. change during last iteration : -1.19449e-07

degrees of freedom    (FIT_NDF)                        : 4
rms of residuals      (FIT_STDFIT) = sqrt(WSSR/ndf)    : 0.311615
variance of residuals (reduced chisquare) = WSSR/ndf   : 0.097104

Final set of parameters            Asymptotic Standard Error
=======================            ==========================

a1              = 1                +/- 0.1469       (14.69%)
R1              = 5.44946          +/- 0.2456       (4.506%)
c1              = 3.9              +/- 0.3116       (7.99%)


correlation matrix of the fit parameters:

               a1     R1     c1     
a1              1.000 
R1             -0.870  1.000 
c1             -0.707  0.381  1.000 


*******************************************************************************
Mon Dec 14 12:54:43 2015


FIT:    data read from 'tornado.dat' u 1:3
        format = x:z
        #datapoints = 7
        residuals are weighted equally (unit weight)

function used for fitting: f2(x)
fitted parameters initialized with current variable values



 Iteration 0
 WSSR        : 239.674           delta(WSSR)/WSSR   : 0
 delta(WSSR) : 0                 limit for stopping : 1e-05
 lambda	  : 0.366697

initial set of free parameter values

a2              = 1
R2              = 1
c2              = 1

After 6 iterations the fit converged.
final sum of squares of residuals : 5.46312
rel. change during last iteration : -3.86672e-09

degrees of freedom    (FIT_NDF)                        : 4
rms of residuals      (FIT_STDFIT) = sqrt(WSSR/ndf)    : 1.16867
variance of residuals (reduced chisquare) = WSSR/ndf   : 1.36578

Final set of parameters            Asymptotic Standard Error
=======================            ==========================

a2              = 1.34             +/- 0.5509       (41.11%)
R2              = 5.65434          +/- 0.7999       (14.15%)
c2              = 3.14             +/- 1.169        (37.22%)


correlation matrix of the fit parameters:

               a2     R2     c2     
a2              1.000 
R2             -0.884  1.000 
c2             -0.707  0.399  1.000 


*******************************************************************************
Mon Dec 14 12:54:43 2015


FIT:    data read from 'tornado.dat' u 1:3
        format = x:z
        #datapoints = 7
        residuals are weighted equally (unit weight)

function used for fitting: g2(x)
fitted parameters initialized with current variable values



 Iteration 0
 WSSR        : 1.6628            delta(WSSR)/WSSR   : 0
 delta(WSSR) : 0                 limit for stopping : 1e-05
 lambda	  : 58.5607

initial set of free parameter values

b2              = 79.8632
d2              = 0.0276828
e2              = 1.37071

After 1 iterations the fit converged.
final sum of squares of residuals : 1.6628
rel. change during last iteration : -6.47366e-08

degrees of freedom    (FIT_NDF)                        : 4
rms of residuals      (FIT_STDFIT) = sqrt(WSSR/ndf)    : 0.644749
variance of residuals (reduced chisquare) = WSSR/ndf   : 0.415701

Final set of parameters            Asymptotic Standard Error
=======================            ==========================

b2              = 79.8632          +/- 6.199        (7.763%)
d2              = 0.0276836        +/- 0.005651     (20.41%)
e2              = 1.37071          +/- 0.4232       (30.87%)


correlation matrix of the fit parameters:

               b2     d2     e2     
b2              1.000 
d2             -0.859  1.000 
e2              0.626 -0.760  1.000 


*******************************************************************************
Mon Dec 14 12:57:23 2015


FIT:    data read from 'tornado.dat' u 1:2
        format = x:z
        #datapoints = 7
        residuals are weighted equally (unit weight)

function used for fitting: f1(x)
fitted parameters initialized with current variable values



 Iteration 0
 WSSR        : 178.474           delta(WSSR)/WSSR   : 0
 delta(WSSR) : 0                 limit for stopping : 1e-05
 lambda	  : 0.366697

initial set of free parameter values

a1              = 1
R1              = 1
c1              = 1

After 6 iterations the fit converged.
final sum of squares of residuals : 0.388416
rel. change during last iteration : -1.19449e-07

degrees of freedom    (FIT_NDF)                        : 4
rms of residuals      (FIT_STDFIT) = sqrt(WSSR/ndf)    : 0.311615
variance of residuals (reduced chisquare) = WSSR/ndf   : 0.097104

Final set of parameters            Asymptotic Standard Error
=======================            ==========================

a1              = 1                +/- 0.1469       (14.69%)
R1              = 5.44946          +/- 0.2456       (4.506%)
c1              = 3.9              +/- 0.3116       (7.99%)


correlation matrix of the fit parameters:

               a1     R1     c1     
a1              1.000 
R1             -0.870  1.000 
c1             -0.707  0.381  1.000 


*******************************************************************************
Mon Dec 14 12:57:23 2015


FIT:    data read from 'tornado.dat' u 1:3
        format = x:z
        #datapoints = 7
        residuals are weighted equally (unit weight)

function used for fitting: f2(x)
fitted parameters initialized with current variable values



 Iteration 0
 WSSR        : 239.674           delta(WSSR)/WSSR   : 0
 delta(WSSR) : 0                 limit for stopping : 1e-05
 lambda	  : 0.366697

initial set of free parameter values

a2              = 1
R2              = 1
c2              = 1

After 6 iterations the fit converged.
final sum of squares of residuals : 5.46312
rel. change during last iteration : -3.86672e-09

degrees of freedom    (FIT_NDF)                        : 4
rms of residuals      (FIT_STDFIT) = sqrt(WSSR/ndf)    : 1.16867
variance of residuals (reduced chisquare) = WSSR/ndf   : 1.36578

Final set of parameters            Asymptotic Standard Error
=======================            ==========================

a2              = 1.34             +/- 0.5509       (41.11%)
R2              = 5.65434          +/- 0.7999       (14.15%)
c2              = 3.14             +/- 1.169        (37.22%)


correlation matrix of the fit parameters:

               a2     R2     c2     
a2              1.000 
R2             -0.884  1.000 
c2             -0.707  0.399  1.000 


*******************************************************************************
Mon Dec 14 12:57:23 2015


FIT:    data read from 'tornado.dat' u 1:3
        format = x:z
        #datapoints = 7
        residuals are weighted equally (unit weight)

function used for fitting: g1(x)
fitted parameters initialized with current variable values

BREAK:          Undefined value during function evaluation



*******************************************************************************
Mon Dec 14 12:57:53 2015


FIT:    data read from 'tornado.dat' u 1:2
        format = x:z
        #datapoints = 7
        residuals are weighted equally (unit weight)

function used for fitting: f1(x)
fitted parameters initialized with current variable values



 Iteration 0
 WSSR        : 178.474           delta(WSSR)/WSSR   : 0
 delta(WSSR) : 0                 limit for stopping : 1e-05
 lambda	  : 0.366697

initial set of free parameter values

a1              = 1
R1              = 1
c1              = 1

After 6 iterations the fit converged.
final sum of squares of residuals : 0.388416
rel. change during last iteration : -1.19449e-07

degrees of freedom    (FIT_NDF)                        : 4
rms of residuals      (FIT_STDFIT) = sqrt(WSSR/ndf)    : 0.311615
variance of residuals (reduced chisquare) = WSSR/ndf   : 0.097104

Final set of parameters            Asymptotic Standard Error
=======================            ==========================

a1              = 1                +/- 0.1469       (14.69%)
R1              = 5.44946          +/- 0.2456       (4.506%)
c1              = 3.9              +/- 0.3116       (7.99%)


correlation matrix of the fit parameters:

               a1     R1     c1     
a1              1.000 
R1             -0.870  1.000 
c1             -0.707  0.381  1.000 


*******************************************************************************
Mon Dec 14 12:57:53 2015


FIT:    data read from 'tornado.dat' u 1:3
        format = x:z
        #datapoints = 7
        residuals are weighted equally (unit weight)

function used for fitting: f2(x)
fitted parameters initialized with current variable values



 Iteration 0
 WSSR        : 239.674           delta(WSSR)/WSSR   : 0
 delta(WSSR) : 0                 limit for stopping : 1e-05
 lambda	  : 0.366697

initial set of free parameter values

a2              = 1
R2              = 1
c2              = 1

After 6 iterations the fit converged.
final sum of squares of residuals : 5.46312
rel. change during last iteration : -3.86672e-09

degrees of freedom    (FIT_NDF)                        : 4
rms of residuals      (FIT_STDFIT) = sqrt(WSSR/ndf)    : 1.16867
variance of residuals (reduced chisquare) = WSSR/ndf   : 1.36578

Final set of parameters            Asymptotic Standard Error
=======================            ==========================

a2              = 1.34             +/- 0.5509       (41.11%)
R2              = 5.65434          +/- 0.7999       (14.15%)
c2              = 3.14             +/- 1.169        (37.22%)


correlation matrix of the fit parameters:

               a2     R2     c2     
a2              1.000 
R2             -0.884  1.000 
c2             -0.707  0.399  1.000 


*******************************************************************************
Mon Dec 14 12:57:53 2015


FIT:    data read from 'tornado.dat' u 1:3
        format = x:z
        #datapoints = 7
        residuals are weighted equally (unit weight)

function used for fitting: g1(x)
fitted parameters initialized with current variable values



 Iteration 0
 WSSR        : 1.6628            delta(WSSR)/WSSR   : 0
 delta(WSSR) : 0                 limit for stopping : 1e-05
 lambda	  : 58.5607

initial set of free parameter values

b1              = 79.8632
d1              = 0.0276828
e1              = 1.37071

After 1 iterations the fit converged.
final sum of squares of residuals : 1.6628
rel. change during last iteration : -6.47366e-08

degrees of freedom    (FIT_NDF)                        : 4
rms of residuals      (FIT_STDFIT) = sqrt(WSSR/ndf)    : 0.644749
variance of residuals (reduced chisquare) = WSSR/ndf   : 0.415701

Final set of parameters            Asymptotic Standard Error
=======================            ==========================

b1              = 79.8632          +/- 6.199        (7.763%)
d1              = 0.0276836        +/- 0.005651     (20.41%)
e1              = 1.37071          +/- 0.4232       (30.87%)


correlation matrix of the fit parameters:

               b1     d1     e1     
b1              1.000 
d1             -0.859  1.000 
e1              0.626 -0.760  1.000 


*******************************************************************************
Mon Dec 14 12:57:53 2015


FIT:    data read from 'tornado.dat' u 1:3
        format = x:z
        #datapoints = 7
        residuals are weighted equally (unit weight)

function used for fitting: g2(x)
fitted parameters initialized with current variable values



 Iteration 0
 WSSR        : 1.6628            delta(WSSR)/WSSR   : 0
 delta(WSSR) : 0                 limit for stopping : 1e-05
 lambda	  : 58.5607

initial set of free parameter values

b2              = 79.8632
d2              = 0.0276828
e2              = 1.37071

After 1 iterations the fit converged.
final sum of squares of residuals : 1.6628
rel. change during last iteration : -6.47366e-08

degrees of freedom    (FIT_NDF)                        : 4
rms of residuals      (FIT_STDFIT) = sqrt(WSSR/ndf)    : 0.644749
variance of residuals (reduced chisquare) = WSSR/ndf   : 0.415701

Final set of parameters            Asymptotic Standard Error
=======================            ==========================

b2              = 79.8632          +/- 6.199        (7.763%)
d2              = 0.0276836        +/- 0.005651     (20.41%)
e2              = 1.37071          +/- 0.4232       (30.87%)


correlation matrix of the fit parameters:

               b2     d2     e2     
b2              1.000 
d2             -0.859  1.000 
e2              0.626 -0.760  1.000 


*******************************************************************************
Mon Dec 14 12:58:12 2015


FIT:    data read from 'tornado.dat' u 1:2
        format = x:z
        #datapoints = 7
        residuals are weighted equally (unit weight)

function used for fitting: f1(x)
fitted parameters initialized with current variable values



 Iteration 0
 WSSR        : 178.474           delta(WSSR)/WSSR   : 0
 delta(WSSR) : 0                 limit for stopping : 1e-05
 lambda	  : 0.366697

initial set of free parameter values

a1              = 1
R1              = 1
c1              = 1

After 6 iterations the fit converged.
final sum of squares of residuals : 0.388416
rel. change during last iteration : -1.19449e-07

degrees of freedom    (FIT_NDF)                        : 4
rms of residuals      (FIT_STDFIT) = sqrt(WSSR/ndf)    : 0.311615
variance of residuals (reduced chisquare) = WSSR/ndf   : 0.097104

Final set of parameters            Asymptotic Standard Error
=======================            ==========================

a1              = 1                +/- 0.1469       (14.69%)
R1              = 5.44946          +/- 0.2456       (4.506%)
c1              = 3.9              +/- 0.3116       (7.99%)


correlation matrix of the fit parameters:

               a1     R1     c1     
a1              1.000 
R1             -0.870  1.000 
c1             -0.707  0.381  1.000 


*******************************************************************************
Mon Dec 14 12:58:12 2015


FIT:    data read from 'tornado.dat' u 1:3
        format = x:z
        #datapoints = 7
        residuals are weighted equally (unit weight)

function used for fitting: f2(x)
fitted parameters initialized with current variable values



 Iteration 0
 WSSR        : 239.674           delta(WSSR)/WSSR   : 0
 delta(WSSR) : 0                 limit for stopping : 1e-05
 lambda	  : 0.366697

initial set of free parameter values

a2              = 1
R2              = 1
c2              = 1

After 6 iterations the fit converged.
final sum of squares of residuals : 5.46312
rel. change during last iteration : -3.86672e-09

degrees of freedom    (FIT_NDF)                        : 4
rms of residuals      (FIT_STDFIT) = sqrt(WSSR/ndf)    : 1.16867
variance of residuals (reduced chisquare) = WSSR/ndf   : 1.36578

Final set of parameters            Asymptotic Standard Error
=======================            ==========================

a2              = 1.34             +/- 0.5509       (41.11%)
R2              = 5.65434          +/- 0.7999       (14.15%)
c2              = 3.14             +/- 1.169        (37.22%)


correlation matrix of the fit parameters:

               a2     R2     c2     
a2              1.000 
R2             -0.884  1.000 
c2             -0.707  0.399  1.000 


*******************************************************************************
Mon Dec 14 12:58:12 2015


FIT:    data read from 'tornado.dat' u 1:2
        format = x:z
        #datapoints = 7
        residuals are weighted equally (unit weight)

function used for fitting: g1(x)
fitted parameters initialized with current variable values



 Iteration 0
 WSSR        : 8.88974           delta(WSSR)/WSSR   : 0
 delta(WSSR) : 0                 limit for stopping : 1e-05
 lambda	  : 58.5607

initial set of free parameter values

b1              = 79.8632
d1              = 0.0276828
e1              = 1.37071

After 8 iterations the fit converged.
final sum of squares of residuals : 1.36587
rel. change during last iteration : -4.24122e-07

degrees of freedom    (FIT_NDF)                        : 4
rms of residuals      (FIT_STDFIT) = sqrt(WSSR/ndf)    : 0.584353
variance of residuals (reduced chisquare) = WSSR/ndf   : 0.341468

Final set of parameters            Asymptotic Standard Error
=======================            ==========================

b1              = 64.211           +/- 5.365        (8.355%)
d1              = 0.0352358        +/- 0.008196     (23.26%)
e1              = 1.73438          +/- 0.4731       (27.28%)


correlation matrix of the fit parameters:

               b1     d1     e1     
b1              1.000 
d1             -0.871  1.000 
e1              0.687 -0.812  1.000 


*******************************************************************************
Mon Dec 14 12:58:12 2015


FIT:    data read from 'tornado.dat' u 1:3
        format = x:z
        #datapoints = 7
        residuals are weighted equally (unit weight)

function used for fitting: g2(x)
fitted parameters initialized with current variable values



 Iteration 0
 WSSR        : 1.6628            delta(WSSR)/WSSR   : 0
 delta(WSSR) : 0                 limit for stopping : 1e-05
 lambda	  : 58.5607

initial set of free parameter values

b2              = 79.8632
d2              = 0.0276828
e2              = 1.37071

After 1 iterations the fit converged.
final sum of squares of residuals : 1.6628
rel. change during last iteration : -6.47366e-08

degrees of freedom    (FIT_NDF)                        : 4
rms of residuals      (FIT_STDFIT) = sqrt(WSSR/ndf)    : 0.644749
variance of residuals (reduced chisquare) = WSSR/ndf   : 0.415701

Final set of parameters            Asymptotic Standard Error
=======================            ==========================

b2              = 79.8632          +/- 6.199        (7.763%)
d2              = 0.0276836        +/- 0.005651     (20.41%)
e2              = 1.37071          +/- 0.4232       (30.87%)


correlation matrix of the fit parameters:

               b2     d2     e2     
b2              1.000 
d2             -0.859  1.000 
e2              0.626 -0.760  1.000 


*******************************************************************************
Mon Dec 14 13:02:17 2015


FIT:    data read from 'tornado.dat' u 1:2
        format = x:z
        #datapoints = 7
        residuals are weighted equally (unit weight)

function used for fitting: f1(x)
fitted parameters initialized with current variable values



 Iteration 0
 WSSR        : 178.474           delta(WSSR)/WSSR   : 0
 delta(WSSR) : 0                 limit for stopping : 1e-05
 lambda	  : 0.366697

initial set of free parameter values

a1              = 1
R1              = 1
c1              = 1

After 6 iterations the fit converged.
final sum of squares of residuals : 0.388416
rel. change during last iteration : -1.19449e-07

degrees of freedom    (FIT_NDF)                        : 4
rms of residuals      (FIT_STDFIT) = sqrt(WSSR/ndf)    : 0.311615
variance of residuals (reduced chisquare) = WSSR/ndf   : 0.097104

Final set of parameters            Asymptotic Standard Error
=======================            ==========================

a1              = 1                +/- 0.1469       (14.69%)
R1              = 5.44946          +/- 0.2456       (4.506%)
c1              = 3.9              +/- 0.3116       (7.99%)


correlation matrix of the fit parameters:

               a1     R1     c1     
a1              1.000 
R1             -0.870  1.000 
c1             -0.707  0.381  1.000 


*******************************************************************************
Mon Dec 14 13:02:17 2015


FIT:    data read from 'tornado.dat' u 1:3
        format = x:z
        #datapoints = 7
        residuals are weighted equally (unit weight)

function used for fitting: f2(x)
fitted parameters initialized with current variable values



 Iteration 0
 WSSR        : 239.674           delta(WSSR)/WSSR   : 0
 delta(WSSR) : 0                 limit for stopping : 1e-05
 lambda	  : 0.366697

initial set of free parameter values

a2              = 1
R2              = 1
c2              = 1

After 6 iterations the fit converged.
final sum of squares of residuals : 5.46312
rel. change during last iteration : -3.86672e-09

degrees of freedom    (FIT_NDF)                        : 4
rms of residuals      (FIT_STDFIT) = sqrt(WSSR/ndf)    : 1.16867
variance of residuals (reduced chisquare) = WSSR/ndf   : 1.36578

Final set of parameters            Asymptotic Standard Error
=======================            ==========================

a2              = 1.34             +/- 0.5509       (41.11%)
R2              = 5.65434          +/- 0.7999       (14.15%)
c2              = 3.14             +/- 1.169        (37.22%)


correlation matrix of the fit parameters:

               a2     R2     c2     
a2              1.000 
R2             -0.884  1.000 
c2             -0.707  0.399  1.000 


*******************************************************************************
Mon Dec 14 13:02:17 2015


FIT:    data read from 'tornado.dat' u 1:2
        format = x:z
        #datapoints = 7
        residuals are weighted equally (unit weight)

function used for fitting: g1(x)
fitted parameters initialized with current variable values



 Iteration 0
 WSSR        : 8.88974           delta(WSSR)/WSSR   : 0
 delta(WSSR) : 0                 limit for stopping : 1e-05
 lambda	  : 58.5607

initial set of free parameter values

b1              = 79.8632
d1              = 0.0276828
e1              = 1.37071

After 8 iterations the fit converged.
final sum of squares of residuals : 1.36587
rel. change during last iteration : -4.24122e-07

degrees of freedom    (FIT_NDF)                        : 4
rms of residuals      (FIT_STDFIT) = sqrt(WSSR/ndf)    : 0.584353
variance of residuals (reduced chisquare) = WSSR/ndf   : 0.341468

Final set of parameters            Asymptotic Standard Error
=======================            ==========================

b1              = 64.211           +/- 5.365        (8.355%)
d1              = 0.0352358        +/- 0.008196     (23.26%)
e1              = 1.73438          +/- 0.4731       (27.28%)


correlation matrix of the fit parameters:

               b1     d1     e1     
b1              1.000 
d1             -0.871  1.000 
e1              0.687 -0.812  1.000 


*******************************************************************************
Mon Dec 14 13:02:17 2015


FIT:    data read from 'tornado.dat' u 1:3
        format = x:z
        #datapoints = 7
        residuals are weighted equally (unit weight)

function used for fitting: g2(x)
fitted parameters initialized with current variable values



 Iteration 0
 WSSR        : 1.6628            delta(WSSR)/WSSR   : 0
 delta(WSSR) : 0                 limit for stopping : 1e-05
 lambda	  : 58.5607

initial set of free parameter values

b2              = 79.8632
d2              = 0.0276828
e2              = 1.37071

After 1 iterations the fit converged.
final sum of squares of residuals : 1.6628
rel. change during last iteration : -6.47366e-08

degrees of freedom    (FIT_NDF)                        : 4
rms of residuals      (FIT_STDFIT) = sqrt(WSSR/ndf)    : 0.644749
variance of residuals (reduced chisquare) = WSSR/ndf   : 0.415701

Final set of parameters            Asymptotic Standard Error
=======================            ==========================

b2              = 79.8632          +/- 6.199        (7.763%)
d2              = 0.0276836        +/- 0.005651     (20.41%)
e2              = 1.37071          +/- 0.4232       (30.87%)


correlation matrix of the fit parameters:

               b2     d2     e2     
b2              1.000 
d2             -0.859  1.000 
e2              0.626 -0.760  1.000 
